[23:11:48.465] [INFO] [36mInitializing Storybook[39m
[23:11:49.182] [DEBUG] Getting package.json info for C:/Users/Tumi/Desktop/nike/Nestera/frontend/package.json...
[23:11:49.182] [INFO] Package manager: pnpm
[23:11:49.190] [DEBUG] Getting CLI versions from NPM for storybook...
[23:11:49.191] [DEBUG] Executing command: pnpm info storybook version
[23:11:51.774] [INFO] Adding Storybook version 10.4.1 to your project
[23:11:51.775] [DEBUG] Executing command: pnpm config get minimumReleaseAge
[23:11:52.196] [INFO] Installing Storybook for user specified project type: react_scripts
[23:11:52.198] [DEBUG] Using cached package.json for C:\Users\Tumi\Desktop\nike\Nestera\frontend\package.json...
[23:11:52.204] [INFO] Framework detected: react-webpack5
[23:11:52.206] [DEBUG] Getting installed version for vitest...
[23:11:52.208] [DEBUG] Executing command: pnpm list "vitest" --json --depth=99
[23:11:52.634] [DEBUG] No installations found for vitest
[23:11:52.634] [DEBUG] Getting installed version for msw...
[23:11:52.634] [DEBUG] Executing command: pnpm list "msw" --json --depth=99
[23:11:53.091] [DEBUG] No installations found for msw
[23:11:53.119] [ERROR] [38;2;241;97;97mError: It looks like you're trying to initialize Storybook in a CRA project that does not have react-scripts installed.
Please install it and make sure it's of version 5 or higher, which are the versions supported by Storybook 7.0+.[39m
    at Object.configure (file:///C:/Users/Tumi/AppData/Local/npm-cache/_npx/ecccd379458fbd6a/node_modules/create-storybook/dist/_node-chunks/chunk-UR7I3RA2.js:3340:13)
    at async GeneratorExecutionCommand.executeProjectGenerator (file:///C:/Users/Tumi/AppData/Local/npm-cache/_npx/ecccd379458fbd6a/node_modules/create-storybook/dist/_node-chunks/chunk-UR7I3RA2.js:1510:58)
    at async GeneratorExecutionCommand.execute (file:///C:/Users/Tumi/AppData/Local/npm-cache/_npx/ecccd379458fbd6a/node_modules/create-storybook/dist/_node-chunks/chunk-UR7I3RA2.js:1564:61)
    at async doInitiate (file:///C:/Users/Tumi/AppData/Local/npm-cache/_npx/ecccd379458fbd6a/node_modules/create-storybook/dist/_node-chunks/chunk-UR7I3RA2.js:3527:95)
    at async file:///C:/Users/Tumi/AppData/Local/npm-cache/_npx/ecccd379458fbd6a/node_modules/create-storybook/dist/_node-chunks/chunk-UR7I3RA2.js:3590:20
    at async withTelemetry (file:///C:/Users/Tumi/AppData/Local/npm-cache/_npx/ecccd379458fbd6a/node_modules/storybook/dist/_node-chunks/chunk-CUZMMOHY.js:655:12)
    at async initiate (file:///C:/Users/Tumi/AppData/Local/npm-cache/_npx/ecccd379458fbd6a/node_modules/create-storybook/dist/_node-chunks/chunk-UR7I3RA2.js:3581:24)
    at async _Command.<anonymous> (file:///C:/Users/Tumi/AppData/Local/npm-cache/_npx/ecccd379458fbd6a/node_modules/create-storybook/dist/_node-chunks/run-LEEJO2AR.js:2717:3)
[23:11:53.138] [INFO] Storybook collects completely anonymous usage telemetry. We use it to shape Storybook's roadmap and prioritize features. You can learn more, including how to opt out, at https://storybook.js.org/telemetry